
-------- SESSION 2022-11-01T23:56:00.446Z (22.08.2224+202209010010, linux, x64, 33647136768, XMIND LTD., vana_linux) --------
[I 2022-11-01T23:56:00.472Z main:store:plugins:electron] current pid is "1791"
[I 2022-11-01T23:56:00.498Z auto-updater] current version is "22.8.2224"
[I 2022-11-01T23:56:00.750Z main:store:plugins:electron] Application will finish launching.
[I 2022-11-01T23:56:00.753Z main:store:plugins:electron] Application arguments: ["/opt/Xmind/xmind"]
[I 2022-11-01T23:56:00.761Z main:store:plugins:electron] Application is ready.
[I 2022-11-01T23:56:00.774Z main:store:plugins:open-handler] Recover: Map(1) {
  '2' => [
    {
      source: 'file:///home/luke/Documents/payoneer.xmind',
      editorId: '285bde5c21da70a249ce7b270d'
    }
  ]
}
[I 2022-11-01T23:56:00.776Z main:store:plugins:activation-updater] Start updating subscription information periodically.
[I 2022-11-01T23:56:00.776Z main:store:plugins:activation-updater] Schedule refresh timeout(60000).
[I 2022-11-01T23:56:00.776Z main:store:plugins:activation-updater] Start updating per-machine license information periodically.
[I 2022-11-01T23:56:00.776Z main:store:plugins:activation-updater] Schedule refresh timeout(60000).
[I 2022-11-01T23:56:00.928Z main:store:plugins:electron] Device ID: e7de247a-ffc2-4b00-9147-d3ad3133d4b3
[I 2022-11-01T23:57:00.791Z main:store:plugins:activation-updater] Schedule refresh timeout(null).
[I 2022-11-01T23:57:00.792Z main:store:plugins:activation-updater] Schedule refresh timeout(null).
[I 2022-11-02T00:36:11.559Z snowbrush] Export image collect time: 6
[I 2022-11-02T00:36:11.793Z snowbrush] Export image time: 240
[I 2022-11-02T00:36:13.732Z main:store:plugins:electron] Application is intended to quit.
[I 2022-11-02T00:36:13.732Z main:store:plugins:electron] Application status is quitting:  false
[I 2022-11-02T00:36:13.733Z main:store:plugins:electron] Asking all editors to close their documents...
