
-------- SESSION 2023-01-13T17:30:26.885Z (22.08.2224+202209010010, linux, x64, 33573429248, XMIND LTD., vana_linux) --------
[I 2023-01-13T17:30:26.918Z main:store:plugins:electron] current pid is "3311"
[I 2023-01-13T17:30:26.946Z auto-updater] current version is "22.8.2224"
[I 2023-01-13T17:30:27.231Z main:store:plugins:electron] Application will finish launching.
[I 2023-01-13T17:30:27.236Z main:store:plugins:electron] Application arguments: ["/opt/Xmind/xmind"]
[I 2023-01-13T17:30:27.246Z main:store:plugins:electron] Application is ready.
[I 2023-01-13T17:30:27.261Z main:store:plugins:open-handler] Recover: Map(0) {}
[I 2023-01-13T17:30:27.262Z main:store:plugins:activation-updater] Start updating subscription information periodically.
[I 2023-01-13T17:30:27.263Z main:store:plugins:activation-updater] Schedule refresh timeout(60000).
[I 2023-01-13T17:30:27.263Z main:store:plugins:activation-updater] Start updating per-machine license information periodically.
[I 2023-01-13T17:30:27.263Z main:store:plugins:activation-updater] Schedule refresh timeout(60000).
[I 2023-01-13T17:30:27.438Z main:store:plugins:electron] Device ID: e7de247a-ffc2-4b00-9147-d3ad3133d4b3
[I 2023-01-13T17:30:31.713Z main:store:plugins:electron] All windows closed. Quit application....
[I 2023-01-13T17:30:31.713Z main:store:plugins:electron] Application is intended to quit.
[I 2023-01-13T17:30:31.713Z main:store:plugins:electron] Application status is quitting:  false
[I 2023-01-13T17:30:31.713Z main:store:plugins:electron] Asking all editors to close their documents...
[I 2023-01-13T17:30:31.713Z main:store:plugins:electron] All documents are closed.
[I 2023-01-13T17:30:31.714Z main:store:plugins:activation-updater] Stop updating per-machine license information periodically.
[I 2023-01-13T17:30:31.714Z main:store:plugins:activation-updater] Stop updating subscription information periodically.
[I 2023-01-13T17:30:31.715Z main:store:plugins:electron] Application is intended to quit.
[I 2023-01-13T17:30:31.715Z main:store:plugins:electron] Application status is quitting:  true
[I 2023-01-13T17:30:31.715Z main:store:plugins:electron] Application will quit.
[I 2023-01-13T17:30:31.715Z main:store:plugins:electron] Application quitted.
