
-------- SESSION 2022-09-20T01:28:27.895Z (22.08.2224+202209010010, linux, x64, 33647140864, XMIND LTD., vana_linux) --------
[I 2022-09-20T01:28:27.924Z main:store:plugins:electron] current pid is "1346"
[I 2022-09-20T01:28:27.952Z auto-updater] current version is "22.8.2224"
[I 2022-09-20T01:28:28.199Z main:store:plugins:electron] Application will finish launching.
[I 2022-09-20T01:28:28.203Z main:store:plugins:electron] Application arguments: ["/opt/Xmind/xmind"]
[I 2022-09-20T01:28:28.212Z main:store:plugins:electron] Application is ready.
[I 2022-09-20T01:28:28.224Z main:store:plugins:open-handler] Recover: Map(0) {}
[I 2022-09-20T01:28:28.225Z main:store:plugins:activation-updater] Start updating subscription information periodically.
[I 2022-09-20T01:28:28.225Z main:store:plugins:activation-updater] Schedule refresh timeout(60000).
[I 2022-09-20T01:28:28.225Z main:store:plugins:activation-updater] Start updating per-machine license information periodically.
[I 2022-09-20T01:28:28.225Z main:store:plugins:activation-updater] Schedule refresh timeout(60000).
[I 2022-09-20T01:28:28.369Z main:store:plugins:electron] Device ID: e7de247a-ffc2-4b00-9147-d3ad3133d4b3
[I 2022-09-20T01:28:31.592Z main:store:plugins:electron] All windows closed. Quit application....
[I 2022-09-20T01:28:31.592Z main:store:plugins:electron] Application is intended to quit.
[I 2022-09-20T01:28:31.592Z main:store:plugins:electron] Application status is quitting:  false
[I 2022-09-20T01:28:31.592Z main:store:plugins:electron] Asking all editors to close their documents...
[I 2022-09-20T01:28:31.592Z main:store:plugins:electron] All documents are closed.
[I 2022-09-20T01:28:31.593Z main:store:plugins:activation-updater] Stop updating per-machine license information periodically.
[I 2022-09-20T01:28:31.593Z main:store:plugins:activation-updater] Stop updating subscription information periodically.
[I 2022-09-20T01:28:31.594Z main:store:plugins:electron] Application is intended to quit.
[I 2022-09-20T01:28:31.594Z main:store:plugins:electron] Application status is quitting:  true
[I 2022-09-20T01:28:31.594Z main:store:plugins:electron] Application will quit.
[I 2022-09-20T01:28:31.594Z main:store:plugins:electron] Application quitted.

-------- SESSION 2022-09-20T01:28:35.008Z (22.08.2224+202209010010, linux, x64, 33647140864, XMIND LTD., vana_linux) --------
[I 2022-09-20T01:28:35.026Z main:store:plugins:electron] current pid is "1635"
[I 2022-09-20T01:28:35.051Z auto-updater] current version is "22.8.2224"
[I 2022-09-20T01:28:35.257Z main:store:plugins:electron] Application will finish launching.
[I 2022-09-20T01:28:35.259Z main:store:plugins:electron] Application arguments: ["/opt/Xmind/xmind"]
[I 2022-09-20T01:28:35.262Z main:store:plugins:electron] Application is ready.
[I 2022-09-20T01:28:35.271Z main:store:plugins:open-handler] Recover: Map(0) {}
[I 2022-09-20T01:28:35.272Z main:store:plugins:activation-updater] Start updating subscription information periodically.
[I 2022-09-20T01:28:35.272Z main:store:plugins:activation-updater] Schedule refresh timeout(60000).
[I 2022-09-20T01:28:35.272Z main:store:plugins:activation-updater] Start updating per-machine license information periodically.
[I 2022-09-20T01:28:35.272Z main:store:plugins:activation-updater] Schedule refresh timeout(60000).
[I 2022-09-20T01:28:35.379Z main:store:plugins:electron] Device ID: e7de247a-ffc2-4b00-9147-d3ad3133d4b3
[I 2022-09-20T01:29:35.292Z main:store:plugins:activation-updater] Schedule refresh timeout(null).
[I 2022-09-20T01:29:35.293Z main:store:plugins:activation-updater] Schedule refresh timeout(null).
[I 2022-09-20T01:48:34.282Z main:store:plugins:editors:EditorFrame] Frame 1 close
[I 2022-09-20T01:48:34.323Z main:store:plugins:editors:EditorFrame] Not find editor view: undefined file:///opt/Xmind/resources/app.asar/renderer/editor-frame.html?frameId=1&_apr=default
[I 2022-09-20T01:48:34.373Z main:store:plugins:editors:EditorFrame] Frame 1 close
[I 2022-09-20T01:48:34.412Z main:store:plugins:editors:EditorFrame] Frame 1 webContents destroyed
[I 2022-09-20T01:48:34.496Z main:store:plugins:electron] All windows closed. Quit application....
[I 2022-09-20T01:48:34.496Z main:store:plugins:electron] Application is intended to quit.
[I 2022-09-20T01:48:34.496Z main:store:plugins:electron] Application status is quitting:  false
[I 2022-09-20T01:48:34.496Z main:store:plugins:electron] Asking all editors to close their documents...
[I 2022-09-20T01:48:34.496Z main:store:plugins:electron] All documents are closed.
[I 2022-09-20T01:48:34.496Z main:store:plugins:activation-updater] Stop updating per-machine license information periodically.
[I 2022-09-20T01:48:34.497Z main:store:plugins:activation-updater] Stop updating subscription information periodically.
[I 2022-09-20T01:48:34.497Z main:store:plugins:electron] Application is intended to quit.
[I 2022-09-20T01:48:34.497Z main:store:plugins:electron] Application status is quitting:  true
[I 2022-09-20T01:48:34.497Z main:store:plugins:electron] Application will quit.
[I 2022-09-20T01:48:34.498Z main:store:plugins:electron] Application quitted.
