
-------- SESSION 2022-11-18T02:18:38.015Z (22.08.2224+202209010010, linux, x64, 33578983424, XMIND LTD., vana_linux) --------
[I 2022-11-18T02:18:38.044Z main:store:plugins:electron] current pid is "1561"
[I 2022-11-18T02:18:38.071Z auto-updater] current version is "22.8.2224"
[I 2022-11-18T02:18:38.336Z main:store:plugins:electron] Application will finish launching.
[I 2022-11-18T02:18:38.340Z main:store:plugins:electron] Application arguments: ["/opt/Xmind/xmind"]
[I 2022-11-18T02:18:38.349Z main:store:plugins:electron] Application is ready.
[I 2022-11-18T02:18:38.358Z main:store:plugins:open-handler] Recover: Map(0) {}
[I 2022-11-18T02:18:38.359Z main:store:plugins:activation-updater] Start updating subscription information periodically.
[I 2022-11-18T02:18:38.359Z main:store:plugins:activation-updater] Schedule refresh timeout(60000).
[I 2022-11-18T02:18:38.359Z main:store:plugins:activation-updater] Start updating per-machine license information periodically.
[I 2022-11-18T02:18:38.359Z main:store:plugins:activation-updater] Schedule refresh timeout(60000).
[I 2022-11-18T02:18:38.475Z main:store:plugins:electron] Device ID: e7de247a-ffc2-4b00-9147-d3ad3133d4b3
[I 2022-11-18T02:19:05.305Z snowbrush] db write {
  'text/plain': 'https://activity-demo.sandbox.payoneer.com\r\n' +
    '\thave access to demo account...',
  'text/x-array-json': [ { data: [Object], xapPaths: [] } ],
  'text/x-type': 'branch',
  'text/x-other-object-json': {
    relationship: [],
    boundary: [],
    summary: [],
    sheetId: 'e32b2c9a67b8420c37534aca50'
  },
  xapInfoMap: {}
}
[I 2022-11-18T02:19:38.360Z main:store:plugins:activation-updater] Schedule refresh timeout(null).
[I 2022-11-18T02:19:38.360Z main:store:plugins:activation-updater] Schedule refresh timeout(null).
[I 2022-11-18T02:20:14.841Z main:store:plugins:editors:EditorFrame] Frame 1 close
[I 2022-11-18T02:20:16.751Z main:store:plugins:editors:EditorFrame] Not find editor view: undefined file:///opt/Xmind/resources/app.asar/renderer/editor-frame.html?frameId=1&_apr=default
[I 2022-11-18T02:20:16.816Z main:store:plugins:editors:EditorFrame] Frame 1 close
[I 2022-11-18T02:20:16.866Z main:store:plugins:editors:EditorFrame] Frame 1 webContents destroyed
[I 2022-11-18T02:20:16.945Z main:store:plugins:electron] All windows closed. Quit application....
[I 2022-11-18T02:20:16.945Z main:store:plugins:electron] Application is intended to quit.
[I 2022-11-18T02:20:16.945Z main:store:plugins:electron] Application status is quitting:  false
[I 2022-11-18T02:20:16.945Z main:store:plugins:electron] Asking all editors to close their documents...
[I 2022-11-18T02:20:16.945Z main:store:plugins:electron] All documents are closed.
[I 2022-11-18T02:20:16.945Z main:store:plugins:activation-updater] Stop updating per-machine license information periodically.
[I 2022-11-18T02:20:16.945Z main:store:plugins:activation-updater] Stop updating subscription information periodically.
[I 2022-11-18T02:20:16.946Z main:store:plugins:electron] Application is intended to quit.
[I 2022-11-18T02:20:16.946Z main:store:plugins:electron] Application status is quitting:  true
[I 2022-11-18T02:20:16.946Z main:store:plugins:electron] Application will quit.
[I 2022-11-18T02:20:16.946Z main:store:plugins:electron] Application quitted.

-------- SESSION 2022-11-18T02:20:19.388Z (22.08.2224+202209010010, linux, x64, 33578983424, XMIND LTD., vana_linux) --------
[I 2022-11-18T02:20:19.406Z main:store:plugins:electron] current pid is "1916"
[I 2022-11-18T02:20:19.431Z auto-updater] current version is "22.8.2224"
[I 2022-11-18T02:20:19.638Z main:store:plugins:electron] Application will finish launching.
[I 2022-11-18T02:20:19.641Z main:store:plugins:electron] Application arguments: ["/opt/Xmind/xmind"]
[I 2022-11-18T02:20:19.644Z main:store:plugins:electron] Application is ready.
[I 2022-11-18T02:20:19.653Z main:store:plugins:open-handler] Recover: Map(0) {}
[I 2022-11-18T02:20:19.654Z main:store:plugins:activation-updater] Start updating subscription information periodically.
[I 2022-11-18T02:20:19.654Z main:store:plugins:activation-updater] Schedule refresh timeout(60000).
[I 2022-11-18T02:20:19.654Z main:store:plugins:activation-updater] Start updating per-machine license information periodically.
[I 2022-11-18T02:20:19.654Z main:store:plugins:activation-updater] Schedule refresh timeout(60000).
[I 2022-11-18T02:20:19.759Z main:store:plugins:electron] Device ID: e7de247a-ffc2-4b00-9147-d3ad3133d4b3
[I 2022-11-18T02:20:51.195Z snowbrush] Export image collect time: 74
[I 2022-11-18T02:20:51.667Z snowbrush] Export image time: 546
[I 2022-11-18T02:21:19.664Z main:store:plugins:activation-updater] Schedule refresh timeout(null).
[I 2022-11-18T02:21:19.665Z main:store:plugins:activation-updater] Schedule refresh timeout(null).
[I 2022-11-18T02:48:01.361Z snowbrush] db write {
  'text/plain': 'https://activity-demo.sandbox.payoneer.com\r\n' +
    '\thave access to demo account...',
  'text/x-array-json': [ { data: [Object], xapPaths: [] } ],
  'text/x-type': 'branch',
  'text/x-other-object-json': {
    relationship: [],
    boundary: [],
    summary: [],
    sheetId: 'e32b2c9a67b8420c37534aca50'
  },
  xapInfoMap: {}
}
[I 2022-11-18T02:58:25.579Z main:store:plugins:electron] Application is intended to quit.
[I 2022-11-18T02:58:25.579Z main:store:plugins:electron] Application status is quitting:  false
[I 2022-11-18T02:58:25.580Z main:store:plugins:electron] Asking all editors to close their documents...
