11:41:42.470305 Hunter: check callback failed for the configuration
11:41:42.470403 Deepinfo: check callback failed for the configuration
11:41:42.470412 FullHunt: check callback failed for the configuration
11:41:42.470307 Pastebin: check callback failed for the configuration
11:41:42.470316 WhoisXMLAPI: check callback failed for the configuration
11:41:42.470307 Chaos: check callback failed for the configuration
11:41:42.470318 SecurityTrails: check callback failed for the configuration
11:41:42.470321 360PassiveDNS: check callback failed for the configuration
11:41:42.470324 IPdata: check callback failed for the configuration
11:41:42.470325 ASNLookup: check callback failed for the configuration
11:41:42.470328 ZoomEye: check callback failed for the configuration
11:41:42.470308 VirusTotal: check callback failed for the configuration
11:41:42.470329 PentestTools: check callback failed for the configuration
11:41:42.470324 Cloudflare: API key data was not provided
11:41:42.470339 ZETAlytics: check callback failed for the configuration
11:41:42.470340 PublicWWW: check callback failed for the configuration
11:41:42.470340 Ahrefs: check callback failed for the configuration
11:41:42.470343 IPinfo: check callback failed for the configuration
11:41:42.470343 Netlas: check callback failed for the configuration
11:41:42.470338 Twitter: API key data was not provided
11:41:42.470504 Twitter: check callback failed for the configuration
11:41:42.470343 BigDataCloud: check callback failed for the configuration
11:41:42.470347 BeVigil: check callback failed for the configuration
11:41:42.470342 AlienVault: API key data was not provided
11:41:42.470350 Censys: check callback failed for the configuration
11:41:42.470346 NetworksDB: API key data was not provided
11:41:42.470348 DNSDB: API key data was not provided
11:41:42.470537 DNSDB: check callback failed for the configuration
11:41:42.470356 CertCentral: check callback failed for the configuration
11:41:42.470358 Quake: check callback failed for the configuration
11:41:42.470367 Umbrella: API key data was not provided
11:41:42.470570 Umbrella: check callback failed for the configuration
11:41:42.470371 IntelX: check callback failed for the configuration
11:41:42.470374 DNSRepo: check callback failed for the configuration
11:41:42.470375 BinaryEdge: check callback failed for the configuration
11:41:42.470376 Spamhaus: check callback failed for the configuration
11:41:42.470378 ONYPHE: check callback failed for the configuration
11:41:42.470378 BuiltWith: check callback failed for the configuration
11:41:42.470382 LeakIX: check callback failed for the configuration
11:41:42.470385 GitHub: check callback failed for the configuration
11:41:42.470386 FOFA: check callback failed for the configuration
11:41:42.470388 DNSlytics: check callback failed for the configuration
11:41:42.470386 Shodan: check callback failed for the configuration
11:41:42.470390 C99: check callback failed for the configuration
11:41:42.470393 Spyse: check callback failed for the configuration
11:41:42.470395 GitLab: check callback failed for the configuration
11:41:42.470398 SOCRadar: check callback failed for the configuration
11:41:42.470401 FacebookCT: check callback failed for the configuration
11:41:42.470400 CIRCL: check callback failed for the configuration
11:41:42.470401 ThreatBook: check callback failed for the configuration
11:41:42.470405 Detectify: check callback failed for the configuration
11:41:42.470408 Yandex: check callback failed for the configuration
11:41:42.470410 PassiveTotal: check callback failed for the configuration
11:41:44.418011 Querying Mnemonic for payoneer.com subdomains
11:41:44.418031 Querying CertSpotter for payoneer.com subdomains
11:41:44.418059 Querying Riddler for payoneer.com subdomains
11:41:44.418076 Querying Crtsh for payoneer.com subdomains
11:41:44.418086 Querying Gists for payoneer.com subdomains
11:41:44.418104 Querying SonarSearch for payoneer.com subdomains
11:41:44.418111 Querying Maltiverse for payoneer.com subdomains
11:41:44.418115 Querying Sublist3rAPI for payoneer.com subdomains
11:41:44.418135 Querying Digitorus for payoneer.com subdomains
11:41:44.418139 Querying Wayback for payoneer.com subdomains
11:41:44.418136 Querying Searchcode for payoneer.com subdomains
11:41:44.418149 Querying DNSSpy for payoneer.com subdomains
11:41:44.418154 Querying HackerOne for payoneer.com subdomains
11:41:44.418160 Querying GoogleCT for payoneer.com subdomains
11:41:44.418166 Querying DNSHistory for payoneer.com subdomains
11:41:44.418169 Querying DuckDuckGo for payoneer.com subdomains
11:41:44.418172 Querying Greynoise for payoneer.com subdomains
11:41:44.418173 Querying AlienVault for payoneer.com subdomains
11:41:44.418177 Querying Brute Forcing for payoneer.com subdomains
11:41:44.418180 Querying BufferOver for payoneer.com subdomains
11:41:44.427149 Querying PKey for payoneer.com subdomains
11:41:44.427151 Querying Google for payoneer.com subdomains
11:41:44.427154 Querying SiteDossier for payoneer.com subdomains
11:41:44.427157 Querying Baidu for payoneer.com subdomains
11:41:44.427163 Querying HackerTarget for payoneer.com subdomains
11:41:44.427166 Querying Pulsedive for payoneer.com subdomains
11:41:44.427169 Querying Robtex for payoneer.com subdomains
11:41:44.427172 Querying AbuseIPDB for payoneer.com subdomains
11:41:44.427174 Querying ArchiveIt for payoneer.com subdomains
11:41:44.427183 Querying Arquivo for payoneer.com subdomains
11:41:44.427186 Querying ThreatMiner for payoneer.com subdomains
11:41:44.427192 Querying Ask for payoneer.com subdomains
11:41:44.427195 Querying RapidDNS for payoneer.com subdomains
11:41:44.427198 Querying ThreatCrowd for payoneer.com subdomains
11:41:44.427200 Querying DNSDumpster for payoneer.com subdomains
11:41:44.427203 Querying Searx for payoneer.com subdomains
11:41:44.427206 Querying URLScan for payoneer.com subdomains
11:41:44.427210 Querying HAW for payoneer.com subdomains
11:41:44.427213 Querying Synapsint for payoneer.com subdomains
11:41:44.427218 Querying UKWebArchive for payoneer.com subdomains
11:41:44.427220 Querying AnubisDB for payoneer.com subdomains
11:41:44.427223 Querying CommonCrawl for payoneer.com subdomains
11:41:44.427226 Querying Yahoo for payoneer.com subdomains
11:41:44.427231 Querying HyperStat for payoneer.com subdomains
11:41:44.427234 Querying Bing for payoneer.com subdomains
11:41:45.257503 GoogleCT: vertical request to service failed: 400: 400 Bad Request
11:41:45.742854 BufferOver: scrape: Get "https://dns.bufferover.run/dns?q=.payoneer.com": dial tcp: lookup dns.bufferover.run: no such host
11:41:46.133325 Greynoise: vertical request to service failed: 404: 404 Not Found
11:41:46.285474 Synapsint: scrape: 403: 403 Forbidden
11:41:54.258056 SiteDossier: scrape: 404: 404 No data available
11:41:55.505842 ThreatCrowd: vertical request to service failed: 503: 503 Service Temporarily Unavailable
11:42:07.234318 BGPTools: failed to obtain the table.jsonl file: 403: 403 Forbidden
11:42:15.639764 BGPTools: asn callback: <string>:91: attempt to index a non-table object(nil) with key 'lines'
stack traceback:
	<string>:91: in function 'netblocks'
	<string>:32: in main chunk
	[G]: ?
11:42:16.793542 SonarSearch: vertical request to service failed: 522: 522 
11:42:21.602185 BGPTools: asn callback: <string>:91: attempt to index a non-table object(nil) with key 'lines'
stack traceback:
	<string>:91: in function 'netblocks'
	<string>:32: in main chunk
	[G]: ?
11:42:25.952401 RADb: https://rdap.arin.net/registry/arin_originas0_networksbyoriginas/1680: 404: 404 
11:42:27.571735 BGPTools: asn callback: <string>:91: attempt to index a non-table object(nil) with key 'lines'
stack traceback:
	<string>:91: in function 'netblocks'
	<string>:32: in main chunk
	[G]: ?
11:42:33.722321 BGPTools: asn callback: <string>:91: attempt to index a non-table object(nil) with key 'lines'
stack traceback:
	<string>:91: in function 'netblocks'
	<string>:32: in main chunk
	[G]: ?
11:42:39.295707 BGPTools: asn callback: <string>:91: attempt to index a non-table object(nil) with key 'lines'
stack traceback:
	<string>:91: in function 'netblocks'
	<string>:32: in main chunk
	[G]: ?
11:42:44.592818 BGPTools: asn callback: <string>:91: attempt to index a non-table object(nil) with key 'lines'
stack traceback:
	<string>:91: in function 'netblocks'
	<string>:32: in main chunk
	[G]: ?
11:42:46.427431 Searx: scrape: Post "https://anon.sx/search": context deadline exceeded (Client.Timeout exceeded while awaiting headers)
11:42:50.734028 BGPTools: asn callback: <string>:91: attempt to index a non-table object(nil) with key 'lines'
stack traceback:
	<string>:91: in function 'netblocks'
	<string>:32: in main chunk
	[G]: ?
11:42:51.025823 RADb: https://rdap.arin.net/registry/arin_originas0_networksbyoriginas/25003: 404: 404 
11:42:55.969850 BGPTools: asn callback: <string>:91: attempt to index a non-table object(nil) with key 'lines'
stack traceback:
	<string>:91: in function 'netblocks'
	<string>:32: in main chunk
	[G]: ?
11:42:58.427532 CommonCrawl: scrape: Get "https://index.commoncrawl.org/CC-MAIN-2022-40-index?output=json&fl=url&url=*.payoneer.com": context deadline exceeded (Client.Timeout exceeded while awaiting headers)
11:43:01.031885 RADb: https://rdap.arin.net/registry/arin_originas0_networksbyoriginas/25003: 404: 404 
11:43:01.274781 BGPTools: asn callback: <string>:91: attempt to index a non-table object(nil) with key 'lines'
stack traceback:
	<string>:91: in function 'netblocks'
	<string>:32: in main chunk
	[G]: ?
11:43:07.028598 BGPTools: asn callback: <string>:91: attempt to index a non-table object(nil) with key 'lines'
stack traceback:
	<string>:91: in function 'netblocks'
	<string>:32: in main chunk
	[G]: ?
11:44:04.428601 CommonCrawl: scrape: Get "https://index.commoncrawl.org/CC-MAIN-2022-33-index?output=json&fl=url&url=*.payoneer.com": context deadline exceeded (Client.Timeout exceeded while awaiting headers)
11:44:18.598668 BGPTools: asn callback: <string>:91: attempt to index a non-table object(nil) with key 'lines'
stack traceback:
	<string>:91: in function 'netblocks'
	<string>:32: in main chunk
	[G]: ?
11:44:28.399967 AlienVault: https://otx.alienvault.com/api/v1/indicators/domain/payoneer.com/url_list?page=92: Get "https://otx.alienvault.com/api/v1/indicators/domain/payoneer.com/url_list?page=92": context deadline exceeded (Client.Timeout exceeded while awaiting headers)
11:44:57.429631 BGPTools: asn callback: <string>:91: attempt to index a non-table object(nil) with key 'lines'
stack traceback:
	<string>:91: in function 'netblocks'
	<string>:32: in main chunk
	[G]: ?
11:45:03.146584 BGPTools: asn callback: <string>:91: attempt to index a non-table object(nil) with key 'lines'
stack traceback:
	<string>:91: in function 'netblocks'
	<string>:32: in main chunk
	[G]: ?
11:45:10.429253 CommonCrawl: scrape: Get "https://index.commoncrawl.org/CC-MAIN-2022-27-index?output=json&fl=url&url=*.payoneer.com": context deadline exceeded (Client.Timeout exceeded while awaiting headers)
11:45:13.701854 BGPTools: asn callback: <string>:91: attempt to index a non-table object(nil) with key 'lines'
stack traceback:
	<string>:91: in function 'netblocks'
	<string>:32: in main chunk
	[G]: ?
11:45:39.822049 BGPTools: asn callback: <string>:91: attempt to index a non-table object(nil) with key 'lines'
stack traceback:
	<string>:91: in function 'netblocks'
	<string>:32: in main chunk
	[G]: ?
11:46:16.430039 CommonCrawl: scrape: Get "https://index.commoncrawl.org/CC-MAIN-2022-21-index?output=json&fl=url&url=*.payoneer.com": context deadline exceeded (Client.Timeout exceeded while awaiting headers)
11:46:43.631807 BGPTools: asn callback: <string>:91: attempt to index a non-table object(nil) with key 'lines'
stack traceback:
	<string>:91: in function 'netblocks'
	<string>:32: in main chunk
	[G]: ?
11:48:38.426676 CommonCrawl: scrape: Get "https://index.commoncrawl.org/CC-MAIN-2021-39-index?output=json&fl=url&url=*.payoneer.com": context deadline exceeded (Client.Timeout exceeded while awaiting headers)
11:50:06.084801 CommonCrawl: scrape: Get "https://index.commoncrawl.org/CC-MAIN-2021-25-index?output=json&fl=url&url=*.payoneer.com": context deadline exceeded (Client.Timeout exceeded while awaiting headers)
11:50:31.909037 BGPTools: asn callback: <string>:91: attempt to index a non-table object(nil) with key 'lines'
stack traceback:
	<string>:91: in function 'netblocks'
	<string>:32: in main chunk
	[G]: ?
11:52:32.271739 CommonCrawl: scrape: Get "https://index.commoncrawl.org/CC-MAIN-2020-50-index?output=json&fl=url&url=*.payoneer.com": context deadline exceeded (Client.Timeout exceeded while awaiting headers)
11:54:02.709797 CommonCrawl: scrape: Get "https://index.commoncrawl.org/CC-MAIN-2020-40-index?output=json&fl=url&url=*.payoneer.com": context deadline exceeded (Client.Timeout exceeded while awaiting headers)
11:55:08.710119 CommonCrawl: scrape: Get "https://index.commoncrawl.org/CC-MAIN-2020-34-index?output=json&fl=url&url=*.payoneer.com": context deadline exceeded (Client.Timeout exceeded while awaiting headers)
11:58:07.628874 CommonCrawl: scrape: Get "https://index.commoncrawl.org/CC-MAIN-2020-10-index?output=json&fl=url&url=*.payoneer.com": context deadline exceeded (Client.Timeout exceeded while awaiting headers)
11:59:13.629014 CommonCrawl: scrape: Get "https://index.commoncrawl.org/CC-MAIN-2020-05-index?output=json&fl=url&url=*.payoneer.com": context deadline exceeded (Client.Timeout exceeded while awaiting headers)
12:00:19.629421 CommonCrawl: scrape: Get "https://index.commoncrawl.org/CC-MAIN-2019-51-index?output=json&fl=url&url=*.payoneer.com": context deadline exceeded (Client.Timeout exceeded while awaiting headers)
12:01:47.244932 CommonCrawl: scrape: Get "https://index.commoncrawl.org/CC-MAIN-2019-43-index?output=json&fl=url&url=*.payoneer.com": context deadline exceeded (Client.Timeout exceeded while awaiting headers)
12:02:53.245105 CommonCrawl: scrape: Get "https://index.commoncrawl.org/CC-MAIN-2019-39-index?output=json&fl=url&url=*.payoneer.com": context deadline exceeded (Client.Timeout exceeded while awaiting headers)
12:04:19.867732 CommonCrawl: scrape: Get "https://index.commoncrawl.org/CC-MAIN-2019-30-index?output=json&fl=url&url=*.payoneer.com": context deadline exceeded (Client.Timeout exceeded while awaiting headers)
12:05:25.868254 CommonCrawl: scrape: Get "https://index.commoncrawl.org/CC-MAIN-2019-26-index?output=json&fl=url&url=*.payoneer.com": context deadline exceeded (Client.Timeout exceeded while awaiting headers)
12:07:52.920041 CommonCrawl: scrape: Get "https://index.commoncrawl.org/CC-MAIN-2019-09-index?output=json&fl=url&url=*.payoneer.com": context deadline exceeded (Client.Timeout exceeded while awaiting headers)
12:09:36.418817 CommonCrawl: scrape: Get "https://index.commoncrawl.org/CC-MAIN-2018-47-index?output=json&fl=url&url=*.payoneer.com": context deadline exceeded (Client.Timeout exceeded while awaiting headers)
12:10:42.419120 CommonCrawl: scrape: Get "https://index.commoncrawl.org/CC-MAIN-2018-43-index?output=json&fl=url&url=*.payoneer.com": context deadline exceeded (Client.Timeout exceeded while awaiting headers)
12:12:18.477982 CommonCrawl: scrape: Get "https://index.commoncrawl.org/CC-MAIN-2018-30-index?output=json&fl=url&url=*.payoneer.com": context deadline exceeded (Client.Timeout exceeded while awaiting headers)
12:15:06.646801 CommonCrawl: scrape: Get "https://index.commoncrawl.org/CC-MAIN-2018-05-index?output=json&fl=url&url=*.payoneer.com": context deadline exceeded (Client.Timeout exceeded while awaiting headers)
12:17:49.659764 CommonCrawl: scrape: Get "https://index.commoncrawl.org/CC-MAIN-2017-30-index?output=json&fl=url&url=*.payoneer.com": context deadline exceeded (Client.Timeout exceeded while awaiting headers)
12:19:16.881687 CommonCrawl: scrape: Get "https://index.commoncrawl.org/CC-MAIN-2017-22-index?output=json&fl=url&url=*.payoneer.com": context deadline exceeded (Client.Timeout exceeded while awaiting headers)
12:21:14.817676 CommonCrawl: scrape: Get "https://index.commoncrawl.org/CC-MAIN-2017-13-index?output=json&fl=url&url=*.payoneer.com": context deadline exceeded (Client.Timeout exceeded while awaiting headers)
12:22:20.818272 CommonCrawl: scrape: Get "https://index.commoncrawl.org/CC-MAIN-2017-09-index?output=json&fl=url&url=*.payoneer.com": context deadline exceeded (Client.Timeout exceeded while awaiting headers)
12:23:26.818669 CommonCrawl: scrape: Get "https://index.commoncrawl.org/CC-MAIN-2017-04-index?output=json&fl=url&url=*.payoneer.com": context deadline exceeded (Client.Timeout exceeded while awaiting headers)
12:24:32.819161 CommonCrawl: scrape: Get "https://index.commoncrawl.org/CC-MAIN-2016-50-index?output=json&fl=url&url=*.payoneer.com": context deadline exceeded (Client.Timeout exceeded while awaiting headers)
12:26:09.976679 CommonCrawl: scrape: Get "https://index.commoncrawl.org/CC-MAIN-2016-36-index?output=json&fl=url&url=*.payoneer.com": context deadline exceeded (Client.Timeout exceeded while awaiting headers)
12:28:19.712663 CommonCrawl: scrape: Get "https://index.commoncrawl.org/CC-MAIN-2016-18-index?output=json&fl=url&url=*.payoneer.com": context deadline exceeded (Client.Timeout exceeded while awaiting headers)
12:31:06.067070 CommonCrawl: scrape: Get "https://index.commoncrawl.org/CC-MAIN-2015-22-index?output=json&fl=url&url=*.payoneer.com": context deadline exceeded (Client.Timeout exceeded while awaiting headers)
12:32:12.067584 CommonCrawl: scrape: Get "https://index.commoncrawl.org/CC-MAIN-2015-18-index?output=json&fl=url&url=*.payoneer.com": context deadline exceeded (Client.Timeout exceeded while awaiting headers)
12:33:47.036616 CommonCrawl: scrape: Get "https://index.commoncrawl.org/CC-MAIN-2015-11-index?output=json&fl=url&url=*.payoneer.com": context deadline exceeded (Client.Timeout exceeded while awaiting headers)
12:36:53.490250 CommonCrawl: scrape: Get "https://index.commoncrawl.org/CC-MAIN-2014-15-index?output=json&fl=url&url=*.payoneer.com": context deadline exceeded (Client.Timeout exceeded while awaiting headers)
12:39:13.191886 CommonCrawl: scrape: Get "https://index.commoncrawl.org/CC-MAIN-2012-index?output=json&fl=url&url=*.payoneer.com": context deadline exceeded (Client.Timeout exceeded while awaiting headers)
