00:00:00.008054 main     VirtualBox XPCOM Server 7.0.4 r154605 linux.amd64 (Nov 18 2022 12:54:46) release log
00:00:00.008056 main     Log opened 2023-01-18T16:35:06.704948000Z
00:00:00.008056 main     Build Type: release
00:00:00.008057 main     OS Product: Linux
00:00:00.008057 main     OS Release: 6.1.1-1-MANJARO
00:00:00.008058 main     OS Version: #1 SMP PREEMPT_DYNAMIC Wed Dec 21 23:21:50 UTC 2022
00:00:00.008070 main     DMI Product Name: MS-7C37
00:00:00.008074 main     DMI Product Version: 3.0
00:00:00.008077 main     Firmware type: UEFI
00:00:00.008454 main     Secure Boot: Disabled
00:00:00.008468 main     Host RAM: 32018MB (31.2GB) total, 30917MB (30.1GB) available
00:00:00.008470 main     Executable: /usr/lib/virtualbox/VBoxSVC
00:00:00.008470 main     Process ID: 11723
00:00:00.008470 main     Package type: LINUX_64BITS_GENERIC (OSE)
00:00:00.009119 main     IPC socket path: /tmp/.vbox-luke-ipc/ipcd
00:00:00.111539 nspr-2   VirtualBox: object creation starts
00:00:00.111608 nspr-2   Home directory: '/home/luke/.config/VirtualBox'
00:00:00.111705 nspr-2   Loading settings file "/home/luke/.config/VirtualBox/VirtualBox.xml" with version "1.12-linux"
00:00:00.112853 nspr-2   USB: Unknown USB device detected (idVendor: 0x8087, idProduct: 0x0025)
00:00:00.112893 nspr-2   Successfully initialised host USB using sysfs
00:00:00.117836 nspr-2   NetIfAdpCtlOut: VBoxNetAdpCtl: Error while retrieving link speed for wlan0: VBoxNetAdpCtl: ioctl failed: Operation not supported
00:00:00.122696 nspr-2   HostDnsMonitor: initializing
00:00:00.122782 nspr-2   NAT: resolv.conf: nameserver 192.168.1.254
00:00:00.122786 nspr-2   NAT: resolv.conf: nameserver 2600:1700:4e68:6010::1
00:00:00.122792 nspr-2   HostDnsMonitor: updating information
00:00:00.122799 nspr-2   HostDnsMonitor: old information
00:00:00.122800 nspr-2     no server entries
00:00:00.122801 nspr-2     no domain set
00:00:00.122802 nspr-2     no search string entries
00:00:00.122803 nspr-2   HostDnsMonitor: new information
00:00:00.122804 nspr-2     server 1: 192.168.1.254
00:00:00.122806 nspr-2     server 2: 2600:1700:4e68:6010::1
00:00:00.122807 nspr-2     domain: attlocal.net
00:00:00.122808 nspr-2     search string 1: attlocal.net
00:00:00.128023 nspr-2   failed to create vboxnet0, error (VERR_GENERAL_FAILURE)
00:00:00.128090 nspr-2   VD: VDInit finished with VINF_SUCCESS
00:00:00.128127 nspr-2   ERROR [COM]: aRC=NS_ERROR_FAILURE (0x80004005) aIID={aac6c7cb-a371-4c58-ab51-0616896b2f2c} aComponent={SystemPropertiesWrap} aText={Cannot determine default Guest Additions ISO location. Most likely they are not available}, preserve=false aResultDetail=0
00:00:00.128488 nspr-2   Loading settings file "/home/luke/VirtualBox VMs/PFSense/PFSense.vbox" with version "1.19-linux"
00:00:00.128876 nspr-2   Loading settings file "/home/luke/VirtualBox VMs/HomeLab Domain Controller/HomeLab Domain Controller.vbox" with version "1.19-linux"
00:00:00.129465 nspr-2   Loading settings file "/home/luke/VirtualBox VMs/HomeLab Workstation/HomeLab Workstation.vbox" with version "1.19-linux"
00:00:00.129805 nspr-2   VirtualBox: object created
00:00:00.131544 nspr-2   ERROR [COM]: aRC=VBOX_E_OBJECT_NOT_FOUND (0x80bb0001) aIID={7682d5eb-f00e-44f1-8ca2-99d08b1cd607} aComponent={VirtualBoxWrap} aText={Could not find a registered machine with UUID {f304be16-ad6b-4ccf-8b39-0db4d061b149}}, preserve=false aResultDetail=0
00:00:00.268596 nspr-2   ERROR [COM]: aRC=VBOX_E_OBJECT_NOT_FOUND (0x80bb0001) aIID={7682d5eb-f00e-44f1-8ca2-99d08b1cd607} aComponent={VirtualBoxWrap} aText={Could not find a registered machine with UUID {368c230d-79a1-4f15-a686-32b46f3e91a0}}, preserve=false aResultDetail=0
00:00:00.503286 nspr-2   ERROR [COM]: aRC=VBOX_E_OBJECT_NOT_FOUND (0x80bb0001) aIID={7682d5eb-f00e-44f1-8ca2-99d08b1cd607} aComponent={VirtualBoxWrap} aText={Could not find a registered machine with UUID {e4a8a030-04ce-4ea0-856d-318b51c93ca6}}, preserve=false aResultDetail=0
00:00:00.675820 nspr-2   NetIfAdpCtlOut: VBoxNetAdpCtl: Error while retrieving link speed for wlan0: VBoxNetAdpCtl: ioctl failed: Operation not supported
00:00:00.745627 nspr-2   NetIfAdpCtlOut: VBoxNetAdpCtl: Error while retrieving link speed for wlan0: VBoxNetAdpCtl: ioctl failed: Operation not supported
00:00:00.812923 nspr-2   NetIfAdpCtlOut: VBoxNetAdpCtl: Error while retrieving link speed for wlan0: VBoxNetAdpCtl: ioctl failed: Operation not supported
00:00:00.875299 nspr-2   NetIfAdpCtlOut: VBoxNetAdpCtl: Error while retrieving link speed for wlan0: VBoxNetAdpCtl: ioctl failed: Operation not supported
00:00:05.880759 main     VirtualBox: object deletion starts
00:00:05.880790 main     ERROR [COM]: aRC=VBOX_E_OBJECT_IN_USE (0x80bb000c) aIID={ad47ad09-787b-44ab-b343-a082a3f2dfb1} aComponent={MediumWrap} aText={Medium '/home/luke/VirtualBox VMs/PFSense/PFSense.vdi' cannot be closed because it is still attached to 1 virtual machines}, preserve=false aResultDetail=0
00:00:05.880928 main     ERROR [COM]: aRC=VBOX_E_OBJECT_IN_USE (0x80bb000c) aIID={ad47ad09-787b-44ab-b343-a082a3f2dfb1} aComponent={MediumWrap} aText={Medium '/home/luke/VirtualBox VMs/HomeLab Domain Controller/Snapshots/{bac9f2d8-986d-4485-87db-0bf1fe9ec889}.vdi' cannot be closed because it is still attached to 1 virtual machines}, preserve=false aResultDetail=0
00:00:05.880938 main     ERROR [COM]: aRC=VBOX_E_OBJECT_IN_USE (0x80bb000c) aIID={ad47ad09-787b-44ab-b343-a082a3f2dfb1} aComponent={MediumWrap} aText={Medium '/home/luke/VirtualBox VMs/HomeLab Domain Controller/Snapshots/{b6d75108-44b7-438c-9647-ad2c7fca23de}.vdi' cannot be closed because it is still attached to 1 virtual machines}, preserve=false aResultDetail=0
00:00:05.880945 main     ERROR [COM]: aRC=VBOX_E_OBJECT_IN_USE (0x80bb000c) aIID={ad47ad09-787b-44ab-b343-a082a3f2dfb1} aComponent={MediumWrap} aText={Medium '/home/luke/VirtualBox VMs/HomeLab Domain Controller/Snapshots/{f604a810-8bfe-4979-b07f-a0857afcecad}.vdi' cannot be closed because it is still attached to 1 virtual machines}, preserve=false aResultDetail=0
00:00:05.880951 main     ERROR [COM]: aRC=VBOX_E_OBJECT_IN_USE (0x80bb000c) aIID={ad47ad09-787b-44ab-b343-a082a3f2dfb1} aComponent={MediumWrap} aText={Medium '/home/luke/VirtualBox VMs/HomeLab Domain Controller/HomeLab Domain Controller.vdi' cannot be closed because it is still attached to 1 virtual machines}, preserve=false aResultDetail=0
00:00:05.881101 main     ERROR [COM]: aRC=E_ACCESSDENIED (0x80070005) aIID={6cc49055-dad4-4496-85cf-3f76bcb3b5fa} aComponent={SnapshotWrap} aText={The object is not ready}, preserve=false aResultDetail=0
00:00:05.881150 main     ERROR [COM]: aRC=E_ACCESSDENIED (0x80070005) aIID={6cc49055-dad4-4496-85cf-3f76bcb3b5fa} aComponent={SnapshotWrap} aText={The object is not ready}, preserve=false aResultDetail=0
00:00:05.881157 main     ERROR [COM]: aRC=E_ACCESSDENIED (0x80070005) aIID={6cc49055-dad4-4496-85cf-3f76bcb3b5fa} aComponent={SnapshotWrap} aText={The object is not ready}, preserve=false aResultDetail=0
00:00:05.881182 main     ERROR [COM]: aRC=VBOX_E_OBJECT_IN_USE (0x80bb000c) aIID={ad47ad09-787b-44ab-b343-a082a3f2dfb1} aComponent={MediumWrap} aText={Medium '/home/luke/VirtualBox VMs/HomeLab Workstation/Snapshots/{6afcd26a-0817-4cf7-ad99-e5134dd0bc7f}.vdi' cannot be closed because it is still attached to 1 virtual machines}, preserve=false aResultDetail=0
00:00:05.881192 main     ERROR [COM]: aRC=VBOX_E_OBJECT_IN_USE (0x80bb000c) aIID={ad47ad09-787b-44ab-b343-a082a3f2dfb1} aComponent={MediumWrap} aText={Medium '/home/luke/VirtualBox VMs/HomeLab Workstation/Snapshots/{3858590b-5108-4d2d-b513-32aee1cba93e}.vdi' cannot be closed because it is still attached to 1 virtual machines}, preserve=false aResultDetail=0
00:00:05.881198 main     ERROR [COM]: aRC=VBOX_E_OBJECT_IN_USE (0x80bb000c) aIID={ad47ad09-787b-44ab-b343-a082a3f2dfb1} aComponent={MediumWrap} aText={Medium '/home/luke/VirtualBox VMs/HomeLab Workstation/HomeLab Workstation.vdi' cannot be closed because it is still attached to 1 virtual machines}, preserve=false aResultDetail=0
00:00:05.881335 main     ERROR [COM]: aRC=E_ACCESSDENIED (0x80070005) aIID={6cc49055-dad4-4496-85cf-3f76bcb3b5fa} aComponent={SnapshotWrap} aText={The object is not ready}, preserve=false aResultDetail=0
00:00:05.881350 main     ERROR [COM]: aRC=E_ACCESSDENIED (0x80070005) aIID={6cc49055-dad4-4496-85cf-3f76bcb3b5fa} aComponent={SnapshotWrap} aText={The object is not ready}, preserve=false aResultDetail=0
00:00:05.881582 main     HostDnsMonitor: shutting down ...
00:00:05.892018 main     HostDnsMonitor: shut down
00:00:05.902718 Watcher  ERROR [COM]: aRC=E_ACCESSDENIED (0x80070005) aIID={7682d5eb-f00e-44f1-8ca2-99d08b1cd607} aComponent={VirtualBoxWrap} aText={The object is not ready}, preserve=false aResultDetail=0
00:00:05.902757 main     VirtualBox: object deleted
